<?xml version="1.0" encoding="UTF-8"?>
<!-- Generated by org.testng.reporters.JUnitReportReporter -->
<testsuite name="com.agilebiz.Manufacturing.ProductionEntryScripts" tests="2" time="190.980" ignored="0" failures="0" timestamp="10 Apr 2020 08:40:47 GMT" skipped="0" hostname="Virat-PC" errors="0">
  <testcase name="productionEntry" time="182.159" classname="com.agilebiz.Manufacturing.ProductionEntryScripts"/>
  <testcase name="LoginTest" time="8.821" classname="com.agilebiz.Manufacturing.ProductionEntryScripts"/>
</testsuite> <!-- com.agilebiz.Manufacturing.ProductionEntryScripts -->
