<?xml version="1.0" encoding="UTF-8"?>
<!-- Generated by org.testng.reporters.JUnitReportReporter -->
<testsuite name="com.agilebiz.Sales.SalesReturnScripts" tests="7" time="614.579" ignored="18" failures="0" timestamp="27 Feb 2020 09:12:23 GMT" skipped="0" hostname="Virat-PC" errors="0">
  <testcase name="salesReturn" time="87.909" classname="com.agilebiz.Sales.SalesReturnScripts"/>
  <testcase name="salesReturn" time="89.908" classname="com.agilebiz.Sales.SalesReturnScripts"/>
  <testcase name="salesReturn" time="87.753" classname="com.agilebiz.Sales.SalesReturnScripts"/>
  <testcase name="salesReturn" time="87.512" classname="com.agilebiz.Sales.SalesReturnScripts"/>
  <testcase name="salesReturn" time="87.061" classname="com.agilebiz.Sales.SalesReturnScripts"/>
  <testcase name="salesReturn" time="87.415" classname="com.agilebiz.Sales.SalesReturnScripts"/>
  <testcase name="salesReturn" time="87.021" classname="com.agilebiz.Sales.SalesReturnScripts"/>
  <testcase name="LoginTest" classname="com.agilebiz.Sales.DirectSalesScripts">
    <skipped/>
  </testcase> <!-- LoginTest -->
  <testcase name="endTest" classname="com.agilebiz.Utilities.GenericMethods">
    <skipped/>
  </testcase> <!-- endTest -->
  <testcase name="endTest" classname="com.agilebiz.Utilities.GenericMethods">
    <skipped/>
  </testcase> <!-- endTest -->
  <testcase name="endTest" classname="com.agilebiz.Utilities.GenericMethods">
    <skipped/>
  </testcase> <!-- endTest -->
  <testcase name="endTest" classname="com.agilebiz.Utilities.GenericMethods">
    <skipped/>
  </testcase> <!-- endTest -->
  <testcase name="endTest" classname="com.agilebiz.Utilities.GenericMethods">
    <skipped/>
  </testcase> <!-- endTest -->
  <testcase name="endTest" classname="com.agilebiz.Utilities.GenericMethods">
    <skipped/>
  </testcase> <!-- endTest -->
  <testcase name="LoginTest" classname="com.agilebiz.Sales.SalesInvoiceScripts">
    <skipped/>
  </testcase> <!-- LoginTest -->
  <testcase name="LoginTest" classname="com.agilebiz.Sales.SalesOrderScripts">
    <skipped/>
  </testcase> <!-- LoginTest -->
  <testcase name="LoadRepository_and_OpenBrowser" classname="com.agilebiz.Utilities.TestBase">
    <skipped/>
  </testcase> <!-- LoadRepository_and_OpenBrowser -->
  <testcase name="LoadRepository_and_OpenBrowser" classname="com.agilebiz.Utilities.TestBase">
    <skipped/>
  </testcase> <!-- LoadRepository_and_OpenBrowser -->
  <testcase name="LoadRepository_and_OpenBrowser" classname="com.agilebiz.Utilities.TestBase">
    <skipped/>
  </testcase> <!-- LoadRepository_and_OpenBrowser -->
  <testcase name="LoadRepository_and_OpenBrowser" classname="com.agilebiz.Utilities.TestBase">
    <skipped/>
  </testcase> <!-- LoadRepository_and_OpenBrowser -->
  <testcase name="LoadRepository_and_OpenBrowser" classname="com.agilebiz.Utilities.TestBase">
    <skipped/>
  </testcase> <!-- LoadRepository_and_OpenBrowser -->
  <testcase name="LoadRepository_and_OpenBrowser" classname="com.agilebiz.Utilities.TestBase">
    <skipped/>
  </testcase> <!-- LoadRepository_and_OpenBrowser -->
  <testcase name="LoginTest" classname="com.agilebiz.Sales.SalesDeliveryChallanScripts">
    <skipped/>
  </testcase> <!-- LoginTest -->
  <testcase name="LoginTest" classname="com.agilebiz.Sales.DirectSalesReturnScripts">
    <skipped/>
  </testcase> <!-- LoginTest -->
  <testcase name="LoginTest" classname="com.agilebiz.Sales.SalesReturnScripts">
    <skipped/>
  </testcase> <!-- LoginTest -->
</testsuite> <!-- com.agilebiz.Sales.SalesReturnScripts -->
