<?xml version="1.0" encoding="UTF-8"?>
<!-- Generated by org.testng.reporters.JUnitReportReporter -->
<testsuite name="com.agilebiz.Sales.SalesInvoiceScripts" tests="7" time="219.528" ignored="18" failures="0" timestamp="27 Feb 2020 09:12:22 GMT" skipped="0" hostname="Virat-PC" errors="0">
  <testcase name="salesInvoice" time="30.440" classname="com.agilebiz.Sales.SalesInvoiceScripts"/>
  <testcase name="salesInvoice" time="30.569" classname="com.agilebiz.Sales.SalesInvoiceScripts"/>
  <testcase name="salesInvoice" time="31.360" classname="com.agilebiz.Sales.SalesInvoiceScripts"/>
  <testcase name="salesInvoice" time="33.459" classname="com.agilebiz.Sales.SalesInvoiceScripts"/>
  <testcase name="salesInvoice" time="31.199" classname="com.agilebiz.Sales.SalesInvoiceScripts"/>
  <testcase name="salesInvoice" time="31.047" classname="com.agilebiz.Sales.SalesInvoiceScripts"/>
  <testcase name="salesInvoice" time="31.454" classname="com.agilebiz.Sales.SalesInvoiceScripts"/>
  <testcase name="LoginTest" classname="com.agilebiz.Sales.DirectSalesScripts">
    <skipped/>
  </testcase> <!-- LoginTest -->
  <testcase name="endTest" classname="com.agilebiz.Utilities.GenericMethods">
    <skipped/>
  </testcase> <!-- endTest -->
  <testcase name="endTest" classname="com.agilebiz.Utilities.GenericMethods">
    <skipped/>
  </testcase> <!-- endTest -->
  <testcase name="endTest" classname="com.agilebiz.Utilities.GenericMethods">
    <skipped/>
  </testcase> <!-- endTest -->
  <testcase name="endTest" classname="com.agilebiz.Utilities.GenericMethods">
    <skipped/>
  </testcase> <!-- endTest -->
  <testcase name="endTest" classname="com.agilebiz.Utilities.GenericMethods">
    <skipped/>
  </testcase> <!-- endTest -->
  <testcase name="endTest" classname="com.agilebiz.Utilities.GenericMethods">
    <skipped/>
  </testcase> <!-- endTest -->
  <testcase name="LoginTest" classname="com.agilebiz.Sales.SalesInvoiceScripts">
    <skipped/>
  </testcase> <!-- LoginTest -->
  <testcase name="LoginTest" classname="com.agilebiz.Sales.SalesOrderScripts">
    <skipped/>
  </testcase> <!-- LoginTest -->
  <testcase name="LoadRepository_and_OpenBrowser" classname="com.agilebiz.Utilities.TestBase">
    <skipped/>
  </testcase> <!-- LoadRepository_and_OpenBrowser -->
  <testcase name="LoadRepository_and_OpenBrowser" classname="com.agilebiz.Utilities.TestBase">
    <skipped/>
  </testcase> <!-- LoadRepository_and_OpenBrowser -->
  <testcase name="LoadRepository_and_OpenBrowser" classname="com.agilebiz.Utilities.TestBase">
    <skipped/>
  </testcase> <!-- LoadRepository_and_OpenBrowser -->
  <testcase name="LoadRepository_and_OpenBrowser" classname="com.agilebiz.Utilities.TestBase">
    <skipped/>
  </testcase> <!-- LoadRepository_and_OpenBrowser -->
  <testcase name="LoadRepository_and_OpenBrowser" classname="com.agilebiz.Utilities.TestBase">
    <skipped/>
  </testcase> <!-- LoadRepository_and_OpenBrowser -->
  <testcase name="LoadRepository_and_OpenBrowser" classname="com.agilebiz.Utilities.TestBase">
    <skipped/>
  </testcase> <!-- LoadRepository_and_OpenBrowser -->
  <testcase name="LoginTest" classname="com.agilebiz.Sales.SalesDeliveryChallanScripts">
    <skipped/>
  </testcase> <!-- LoginTest -->
  <testcase name="LoginTest" classname="com.agilebiz.Sales.DirectSalesReturnScripts">
    <skipped/>
  </testcase> <!-- LoginTest -->
  <testcase name="LoginTest" classname="com.agilebiz.Sales.SalesReturnScripts">
    <skipped/>
  </testcase> <!-- LoginTest -->
</testsuite> <!-- com.agilebiz.Sales.SalesInvoiceScripts -->
