<?xml version="1.0" encoding="UTF-8"?>
<!-- Generated by org.testng.reporters.JUnitReportReporter -->
<testsuite name="com.agilebiz.Manufacturing.ProductionMaterialReturnScripts" tests="2" time="81.090" ignored="0" failures="0" timestamp="14 Apr 2020 13:56:31 GMT" skipped="0" hostname="Virat-PC" errors="0">
  <testcase name="LoginTest" time="29.695" classname="com.agilebiz.Manufacturing.ProductionMaterialReturnScripts"/>
  <testcase name="productionMaterialReturn" time="51.395" classname="com.agilebiz.Manufacturing.ProductionMaterialReturnScripts"/>
</testsuite> <!-- com.agilebiz.Manufacturing.ProductionMaterialReturnScripts -->
