<?xml version="1.0" encoding="UTF-8"?>
<!-- Generated by org.testng.reporters.JUnitReportReporter -->
<testsuite name="com.agilebiz.testScripts.SanityTestScriptSummaryTC" tests="1" time="21.885" ignored="0" failures="0" timestamp="07 Jun 2019 10:17:37 GMT" skipped="1" hostname="Virat-PC" errors="0">
  <testcase name="LoginTest" time="21.885" classname="com.agilebiz.testScripts.SanityTestScriptSummaryTC">
    <skipped/>
  </testcase> <!-- LoginTest -->
</testsuite> <!-- com.agilebiz.testScripts.SanityTestScriptSummaryTC -->
