<?xml version="1.0" encoding="UTF-8"?>
<!-- Generated by org.testng.reporters.JUnitReportReporter -->
<testsuite name="com.agilebiz.Pages.LoginToApplication.TestingMethod" tests="2" time="126.237" ignored="0" failures="0" timestamp="24 Jun 2019 07:13:32 GMT" skipped="0" hostname="Virat-PC" errors="0">
  <testcase name="testgridrecord" time="104.915" classname="com.agilebiz.Pages.LoginToApplication.TestingMethod"/>
  <testcase name="LoginTest" time="21.322" classname="com.agilebiz.Pages.LoginToApplication.TestingMethod"/>
</testsuite> <!-- com.agilebiz.Pages.LoginToApplication.TestingMethod -->
