<?xml version="1.0" encoding="UTF-8"?>
<!-- Generated by org.testng.reporters.JUnitReportReporter -->
<testsuite name="com.agilebiz.purchase.DirectPurchaseReturnScripts" tests="1" time="50.706" ignored="0" failures="0" timestamp="15 Apr 2020 10:16:28 GMT" skipped="0" hostname="Virat-PC" errors="0">
  <testcase name="LoginTest" time="50.706" classname="com.agilebiz.purchase.DirectPurchaseReturnScripts"/>
</testsuite> <!-- com.agilebiz.purchase.DirectPurchaseReturnScripts -->
