<?xml version="1.0" encoding="UTF-8"?>
<!-- Generated by org.testng.reporters.JUnitReportReporter -->
<testsuite name="com.agilebiz.Pages.LoginToApplication.Testingclass" tests="1" time="0.189" ignored="0" failures="0" timestamp="04 Sep 2019 11:25:32 GMT" skipped="0" hostname="Virat-PC" errors="0">
  <testcase name="testsetdata" time="0.189" classname="com.agilebiz.Pages.LoginToApplication.Testingclass"/>
</testsuite> <!-- com.agilebiz.Pages.LoginToApplication.Testingclass -->
