<?xml version="1.0" encoding="UTF-8"?>
<!-- Generated by org.testng.reporters.JUnitReportReporter -->
<testsuite name="com.agilebiz.Sales.SalesOrderScripts" tests="7" time="1083.593" ignored="18" failures="0" timestamp="27 Feb 2020 09:12:22 GMT" skipped="0" hostname="Virat-PC" errors="0">
  <testcase name="salesOrder" time="157.201" classname="com.agilebiz.Sales.SalesOrderScripts"/>
  <testcase name="salesOrder" time="154.034" classname="com.agilebiz.Sales.SalesOrderScripts"/>
  <testcase name="salesOrder" time="151.926" classname="com.agilebiz.Sales.SalesOrderScripts"/>
  <testcase name="salesOrder" time="159.339" classname="com.agilebiz.Sales.SalesOrderScripts"/>
  <testcase name="salesOrder" time="151.448" classname="com.agilebiz.Sales.SalesOrderScripts"/>
  <testcase name="salesOrder" time="152.644" classname="com.agilebiz.Sales.SalesOrderScripts"/>
  <testcase name="salesOrder" time="157.001" classname="com.agilebiz.Sales.SalesOrderScripts"/>
  <testcase name="LoginTest" classname="com.agilebiz.Sales.DirectSalesScripts">
    <skipped/>
  </testcase> <!-- LoginTest -->
  <testcase name="endTest" classname="com.agilebiz.Utilities.GenericMethods">
    <skipped/>
  </testcase> <!-- endTest -->
  <testcase name="endTest" classname="com.agilebiz.Utilities.GenericMethods">
    <skipped/>
  </testcase> <!-- endTest -->
  <testcase name="endTest" classname="com.agilebiz.Utilities.GenericMethods">
    <skipped/>
  </testcase> <!-- endTest -->
  <testcase name="endTest" classname="com.agilebiz.Utilities.GenericMethods">
    <skipped/>
  </testcase> <!-- endTest -->
  <testcase name="endTest" classname="com.agilebiz.Utilities.GenericMethods">
    <skipped/>
  </testcase> <!-- endTest -->
  <testcase name="endTest" classname="com.agilebiz.Utilities.GenericMethods">
    <skipped/>
  </testcase> <!-- endTest -->
  <testcase name="LoginTest" classname="com.agilebiz.Sales.SalesInvoiceScripts">
    <skipped/>
  </testcase> <!-- LoginTest -->
  <testcase name="LoginTest" classname="com.agilebiz.Sales.SalesOrderScripts">
    <skipped/>
  </testcase> <!-- LoginTest -->
  <testcase name="LoadRepository_and_OpenBrowser" classname="com.agilebiz.Utilities.TestBase">
    <skipped/>
  </testcase> <!-- LoadRepository_and_OpenBrowser -->
  <testcase name="LoadRepository_and_OpenBrowser" classname="com.agilebiz.Utilities.TestBase">
    <skipped/>
  </testcase> <!-- LoadRepository_and_OpenBrowser -->
  <testcase name="LoadRepository_and_OpenBrowser" classname="com.agilebiz.Utilities.TestBase">
    <skipped/>
  </testcase> <!-- LoadRepository_and_OpenBrowser -->
  <testcase name="LoadRepository_and_OpenBrowser" classname="com.agilebiz.Utilities.TestBase">
    <skipped/>
  </testcase> <!-- LoadRepository_and_OpenBrowser -->
  <testcase name="LoadRepository_and_OpenBrowser" classname="com.agilebiz.Utilities.TestBase">
    <skipped/>
  </testcase> <!-- LoadRepository_and_OpenBrowser -->
  <testcase name="LoadRepository_and_OpenBrowser" classname="com.agilebiz.Utilities.TestBase">
    <skipped/>
  </testcase> <!-- LoadRepository_and_OpenBrowser -->
  <testcase name="LoginTest" classname="com.agilebiz.Sales.SalesDeliveryChallanScripts">
    <skipped/>
  </testcase> <!-- LoginTest -->
  <testcase name="LoginTest" classname="com.agilebiz.Sales.DirectSalesReturnScripts">
    <skipped/>
  </testcase> <!-- LoginTest -->
  <testcase name="LoginTest" classname="com.agilebiz.Sales.SalesReturnScripts">
    <skipped/>
  </testcase> <!-- LoginTest -->
</testsuite> <!-- com.agilebiz.Sales.SalesOrderScripts -->
