<?xml version="1.0" encoding="UTF-8"?>
<!-- Generated by org.testng.reporters.JUnitReportReporter -->
<testsuite name="com.agilebiz.Manufacturing.ProductionOrderScripts" tests="1" time="84.948" ignored="6" failures="0" timestamp="09 Apr 2020 06:42:13 GMT" skipped="0" hostname="Virat-PC" errors="0">
  <testcase name="productionOrder" time="84.948" classname="com.agilebiz.Manufacturing.ProductionOrderScripts"/>
  <testcase name="endTest" classname="com.agilebiz.Utilities.GenericMethods">
    <skipped/>
  </testcase> <!-- endTest -->
  <testcase name="endTest" classname="com.agilebiz.Utilities.GenericMethods">
    <skipped/>
  </testcase> <!-- endTest -->
  <testcase name="LoadRepository_and_OpenBrowser" classname="com.agilebiz.Utilities.TestBase">
    <skipped/>
  </testcase> <!-- LoadRepository_and_OpenBrowser -->
  <testcase name="LoadRepository_and_OpenBrowser" classname="com.agilebiz.Utilities.TestBase">
    <skipped/>
  </testcase> <!-- LoadRepository_and_OpenBrowser -->
  <testcase name="LoginTest" classname="com.agilebiz.Manufacturing.ProductionOrderScripts">
    <skipped/>
  </testcase> <!-- LoginTest -->
  <testcase name="LoginTest" classname="com.agilebiz.Manufacturing.ProductionMateriaIIssueScripts">
    <skipped/>
  </testcase> <!-- LoginTest -->
</testsuite> <!-- com.agilebiz.Manufacturing.ProductionOrderScripts -->
