<?xml version="1.0" encoding="UTF-8"?>
<!-- Generated by org.testng.reporters.JUnitReportReporter -->
<testsuite name="com.agilebiz.Sales.SalesDeliveryChallanScripts" tests="7" time="501.920" ignored="18" failures="0" timestamp="27 Feb 2020 09:12:23 GMT" skipped="0" hostname="Virat-PC" errors="0">
  <testcase name="salesDeliveryChallan" time="73.401" classname="com.agilebiz.Sales.SalesDeliveryChallanScripts"/>
  <testcase name="salesDeliveryChallan" time="71.670" classname="com.agilebiz.Sales.SalesDeliveryChallanScripts"/>
  <testcase name="salesDeliveryChallan" time="71.296" classname="com.agilebiz.Sales.SalesDeliveryChallanScripts"/>
  <testcase name="salesDeliveryChallan" time="71.592" classname="com.agilebiz.Sales.SalesDeliveryChallanScripts"/>
  <testcase name="salesDeliveryChallan" time="71.169" classname="com.agilebiz.Sales.SalesDeliveryChallanScripts"/>
  <testcase name="salesDeliveryChallan" time="71.336" classname="com.agilebiz.Sales.SalesDeliveryChallanScripts"/>
  <testcase name="salesDeliveryChallan" time="71.456" classname="com.agilebiz.Sales.SalesDeliveryChallanScripts"/>
  <testcase name="LoginTest" classname="com.agilebiz.Sales.DirectSalesScripts">
    <skipped/>
  </testcase> <!-- LoginTest -->
  <testcase name="endTest" classname="com.agilebiz.Utilities.GenericMethods">
    <skipped/>
  </testcase> <!-- endTest -->
  <testcase name="endTest" classname="com.agilebiz.Utilities.GenericMethods">
    <skipped/>
  </testcase> <!-- endTest -->
  <testcase name="endTest" classname="com.agilebiz.Utilities.GenericMethods">
    <skipped/>
  </testcase> <!-- endTest -->
  <testcase name="endTest" classname="com.agilebiz.Utilities.GenericMethods">
    <skipped/>
  </testcase> <!-- endTest -->
  <testcase name="endTest" classname="com.agilebiz.Utilities.GenericMethods">
    <skipped/>
  </testcase> <!-- endTest -->
  <testcase name="endTest" classname="com.agilebiz.Utilities.GenericMethods">
    <skipped/>
  </testcase> <!-- endTest -->
  <testcase name="LoginTest" classname="com.agilebiz.Sales.SalesInvoiceScripts">
    <skipped/>
  </testcase> <!-- LoginTest -->
  <testcase name="LoginTest" classname="com.agilebiz.Sales.SalesOrderScripts">
    <skipped/>
  </testcase> <!-- LoginTest -->
  <testcase name="LoadRepository_and_OpenBrowser" classname="com.agilebiz.Utilities.TestBase">
    <skipped/>
  </testcase> <!-- LoadRepository_and_OpenBrowser -->
  <testcase name="LoadRepository_and_OpenBrowser" classname="com.agilebiz.Utilities.TestBase">
    <skipped/>
  </testcase> <!-- LoadRepository_and_OpenBrowser -->
  <testcase name="LoadRepository_and_OpenBrowser" classname="com.agilebiz.Utilities.TestBase">
    <skipped/>
  </testcase> <!-- LoadRepository_and_OpenBrowser -->
  <testcase name="LoadRepository_and_OpenBrowser" classname="com.agilebiz.Utilities.TestBase">
    <skipped/>
  </testcase> <!-- LoadRepository_and_OpenBrowser -->
  <testcase name="LoadRepository_and_OpenBrowser" classname="com.agilebiz.Utilities.TestBase">
    <skipped/>
  </testcase> <!-- LoadRepository_and_OpenBrowser -->
  <testcase name="LoadRepository_and_OpenBrowser" classname="com.agilebiz.Utilities.TestBase">
    <skipped/>
  </testcase> <!-- LoadRepository_and_OpenBrowser -->
  <testcase name="LoginTest" classname="com.agilebiz.Sales.SalesDeliveryChallanScripts">
    <skipped/>
  </testcase> <!-- LoginTest -->
  <testcase name="LoginTest" classname="com.agilebiz.Sales.DirectSalesReturnScripts">
    <skipped/>
  </testcase> <!-- LoginTest -->
  <testcase name="LoginTest" classname="com.agilebiz.Sales.SalesReturnScripts">
    <skipped/>
  </testcase> <!-- LoginTest -->
</testsuite> <!-- com.agilebiz.Sales.SalesDeliveryChallanScripts -->
