<?xml version="1.0" encoding="UTF-8"?>
<!-- Generated by org.testng.reporters.JUnitReportReporter -->
<testsuite name="com.agilebiz.Manufacturing.ProductionMateriaIIssueScripts" tests="2" time="155.681" ignored="0" failures="0" timestamp="09 Apr 2020 06:55:45 GMT" skipped="0" hostname="Virat-PC" errors="0">
  <testcase name="productionIssueMaterial" time="150.063" classname="com.agilebiz.Manufacturing.ProductionMateriaIIssueScripts"/>
  <testcase name="LoginTest" time="5.618" classname="com.agilebiz.Manufacturing.ProductionMateriaIIssueScripts"/>
</testsuite> <!-- com.agilebiz.Manufacturing.ProductionMateriaIIssueScripts -->
